;  LST file generated by mikroListExporter - v.2.0 
; Date/Time: 1/12/2019 10:40:43 PM
;----------------------------------------------

;Address Opcode 	ASM
0x0000	0x2803      	GOTO       3
_main:
;BUTTONMULTILED.c,1 :: 		void main() {
;BUTTONMULTILED.c,2 :: 		int press=0;
0x0003	0x1283      	BCF        STATUS, 5
0x0004	0x1303      	BCF        STATUS, 6
0x0005	0x01A2      	CLRF       main_press_L0
0x0006	0x01A3      	CLRF       main_press_L0+1
;BUTTONMULTILED.c,3 :: 		TRISB=0;
0x0007	0x1683      	BSF        STATUS, 5
0x0008	0x0186      	CLRF       TRISB
;BUTTONMULTILED.c,4 :: 		TRISC.F0=1;
0x0009	0x1407      	BSF        TRISC, 0
;BUTTONMULTILED.c,5 :: 		PORTB=0;
0x000A	0x1283      	BCF        STATUS, 5
0x000B	0x0186      	CLRF       PORTB
;BUTTONMULTILED.c,6 :: 		while(1)
L_main0:
;BUTTONMULTILED.c,8 :: 		if (PORTC.F0==1)
0x000C	0x1C07      	BTFSS      PORTC, 0
0x000D	0x2811      	GOTO       L_main2
;BUTTONMULTILED.c,9 :: 		press++;
0x000E	0x0AA2      	INCF       main_press_L0, 1
0x000F	0x1903      	BTFSC      STATUS, 2
0x0010	0x0AA3      	INCF       main_press_L0+1, 1
L_main2:
;BUTTONMULTILED.c,10 :: 		delay_ms(200);
0x0011	0x3003      	MOVLW      3
0x0012	0x00FB      	MOVWF      R11
0x0013	0x3008      	MOVLW      8
0x0014	0x00FC      	MOVWF      R12
0x0015	0x3077      	MOVLW      119
0x0016	0x00FD      	MOVWF      R13
L_main3:
0x0017	0x0BFD      	DECFSZ     R13, 1
0x0018	0x2817      	GOTO       L_main3
0x0019	0x0BFC      	DECFSZ     R12, 1
0x001A	0x2817      	GOTO       L_main3
0x001B	0x0BFB      	DECFSZ     R11, 1
0x001C	0x2817      	GOTO       L_main3
;BUTTONMULTILED.c,11 :: 		if (press==1)
0x001D	0x3000      	MOVLW      0
0x001E	0x0623      	XORWF      main_press_L0+1, 0
0x001F	0x1D03      	BTFSS      STATUS, 2
0x0020	0x2823      	GOTO       L__main12
0x0021	0x3001      	MOVLW      1
0x0022	0x0622      	XORWF      main_press_L0, 0
L__main12:
0x0023	0x1D03      	BTFSS      STATUS, 2
0x0024	0x2828      	GOTO       L_main4
;BUTTONMULTILED.c,12 :: 		PORTB=0B11111111;
0x0025	0x30FF      	MOVLW      255
0x0026	0x0086      	MOVWF      PORTB
0x0027	0x2849      	GOTO       L_main5
L_main4:
;BUTTONMULTILED.c,13 :: 		else if(press==2)
0x0028	0x3000      	MOVLW      0
0x0029	0x0623      	XORWF      main_press_L0+1, 0
0x002A	0x1D03      	BTFSS      STATUS, 2
0x002B	0x282E      	GOTO       L__main13
0x002C	0x3002      	MOVLW      2
0x002D	0x0622      	XORWF      main_press_L0, 0
L__main13:
0x002E	0x1D03      	BTFSS      STATUS, 2
0x002F	0x2833      	GOTO       L_main6
;BUTTONMULTILED.c,14 :: 		PORTB=0B01010101;
0x0030	0x3055      	MOVLW      85
0x0031	0x0086      	MOVWF      PORTB
0x0032	0x2849      	GOTO       L_main7
L_main6:
;BUTTONMULTILED.c,15 :: 		else if(press==3)
0x0033	0x3000      	MOVLW      0
0x0034	0x0623      	XORWF      main_press_L0+1, 0
0x0035	0x1D03      	BTFSS      STATUS, 2
0x0036	0x2839      	GOTO       L__main14
0x0037	0x3003      	MOVLW      3
0x0038	0x0622      	XORWF      main_press_L0, 0
L__main14:
0x0039	0x1D03      	BTFSS      STATUS, 2
0x003A	0x283E      	GOTO       L_main8
;BUTTONMULTILED.c,16 :: 		PORTB=0B10101010;
0x003B	0x30AA      	MOVLW      170
0x003C	0x0086      	MOVWF      PORTB
0x003D	0x2849      	GOTO       L_main9
L_main8:
;BUTTONMULTILED.c,17 :: 		else if(press==4)
0x003E	0x3000      	MOVLW      0
0x003F	0x0623      	XORWF      main_press_L0+1, 0
0x0040	0x1D03      	BTFSS      STATUS, 2
0x0041	0x2844      	GOTO       L__main15
0x0042	0x3004      	MOVLW      4
0x0043	0x0622      	XORWF      main_press_L0, 0
L__main15:
0x0044	0x1D03      	BTFSS      STATUS, 2
0x0045	0x2849      	GOTO       L_main10
;BUTTONMULTILED.c,19 :: 		PORTB=0;
0x0046	0x0186      	CLRF       PORTB
;BUTTONMULTILED.c,20 :: 		press=0;
0x0047	0x01A2      	CLRF       main_press_L0
0x0048	0x01A3      	CLRF       main_press_L0+1
;BUTTONMULTILED.c,21 :: 		}
L_main10:
L_main9:
L_main7:
L_main5:
;BUTTONMULTILED.c,22 :: 		}
0x0049	0x280C      	GOTO       L_main0
;BUTTONMULTILED.c,23 :: 		}
L_end_main:
0x004A	0x284A      	GOTO       $+0
; end of _main
Symbol List:
//** Routines locations **
//ADDRESS    SIZE    PROCEDURE
//----------------------------------------------
0x0003      [72]    _main
//** Variables locations ** 
//ADDRESS    SIZE    VARIABLE
//----------------------------------------------
0x0000       [1]    INDF
0x0003       [1]    STATUS
0x0004       [1]    FSR
0x0006       [1]    PORTB
0x0007       [1]    PORTC
0x000A       [1]    PCLATH
0x0020       [2]    ___DoICPAddr
0x0022       [2]    main_press_L0
0x0070       [1]    R0
0x0071       [1]    R1
0x0072       [1]    R2
0x0073       [1]    R3
0x0074       [1]    R4
0x0075       [1]    R5
0x0076       [1]    R6
0x0077       [1]    R7
0x0078       [1]    R8
0x0079       [1]    R9
0x007A       [1]    R10
0x007B       [1]    R11
0x007C       [1]    R12
0x007D       [1]    R13
0x007E       [1]    R14
0x007F       [1]    R15
0x0086       [1]    TRISB
0x0087       [1]    TRISC
